
> frontend@0.1.0 dev:frontend
> next dev FRONTEND --webpack

▲ Next.js 16.2.10 (webpack)
- Local:         http://localhost:3000
- Network:       http://192.168.1.3:3000
- Environments: .env
✓ Ready in 1079ms

○ Compiling proxy ...
○ Compiling /profile ...
 GET /profile 200 in 39.0s (next.js: 33.3s, proxy.ts: 4.3s, application-code: 1503ms)
 GET /profile 200 in 2.2s (next.js: 76ms, proxy.ts: 1525ms, application-code: 573ms)
○ Compiling /_error ...
 GET /profile 200 in 512ms (next.js: 182ms, proxy.ts: 90ms, application-code: 241ms)
 GET /profile 200 in 299ms (next.js: 14ms, proxy.ts: 22ms, application-code: 263ms)
 GET /profile 200 in 206ms (next.js: 12ms, proxy.ts: 33ms, application-code: 161ms)
 GET /profile 200 in 210ms (next.js: 81ms, proxy.ts: 33ms, application-code: 96ms)
 GET / 200 in 2.8s (next.js: 2.5s, application-code: 275ms)
 GET / 200 in 120ms (next.js: 16ms, application-code: 104ms)
 GET / 200 in 1108ms (next.js: 641ms, application-code: 467ms)
 GET /profile 200 in 1146ms (next.js: 76ms, proxy.ts: 915ms, application-code: 156ms)
 GET / 200 in 368ms (next.js: 242ms, application-code: 126ms)
○ Compiling /account/orders ...
 GET / 200 in 368ms (next.js: 62ms, application-code: 306ms)
 GET / 200 in 396ms (next.js: 19ms, application-code: 377ms)
 GET /account/orders 200 in 6.6s (next.js: 4.8s, proxy.ts: 22ms, application-code: 1825ms)
 GET / 200 in 581ms (next.js: 14ms, application-code: 566ms)
 GET / 200 in 228ms (next.js: 25ms, application-code: 203ms)
 GET / 200 in 147ms (next.js: 25ms, application-code: 122ms)
 GET / 200 in 128ms (next.js: 16ms, application-code: 112ms)
 GET / 200 in 156ms (next.js: 26ms, application-code: 130ms)
 GET / 200 in 180ms (next.js: 18ms, application-code: 161ms)
 GET / 200 in 138ms (next.js: 16ms, application-code: 123ms)
 GET / 200 in 152ms (next.js: 18ms, application-code: 134ms)
 GET / 200 in 146ms (next.js: 16ms, application-code: 130ms)
 GET / 200 in 243ms (next.js: 18ms, application-code: 225ms)
 GET / 200 in 156ms (next.js: 17ms, application-code: 139ms)
 GET / 200 in 148ms (next.js: 17ms, application-code: 131ms)
 GET / 200 in 144ms (next.js: 22ms, application-code: 122ms)
 GET / 200 in 192ms (next.js: 22ms, application-code: 170ms)
 GET / 200 in 323ms (next.js: 70ms, application-code: 253ms)
 GET / 200 in 1138ms (next.js: 17ms, application-code: 1121ms)
○ Compiling /_error ...
 GET /account/orders 200 in 1008ms (next.js: 466ms, proxy.ts: 58ms, application-code: 484ms)
 GET /account/orders 200 in 155ms (next.js: 11ms, proxy.ts: 16ms, application-code: 127ms)
