#
# There is insufficient memory for the Java Runtime Environment to continue.
# Native memory allocation (malloc) failed to allocate 1203680 bytes. Error detail: Chunk::new
# Possible reasons:
#   The system is out of physical RAM or swap space
#   This process is running with CompressedOops enabled, and the Java Heap may be blocking the growth of the native heap
# Possible solutions:
#   Reduce memory load on the system
#   Increase physical memory or swap space
#   Check if swap backing store is full
#   Decrease Java heap size (-Xmx/-Xms)
#   Decrease number of Java threads
#   Decrease Java thread stack sizes (-Xss)
#   Set larger code cache with -XX:ReservedCodeCacheSize=
#   JVM is running with Unscaled Compressed Oops mode in which the Java heap is
#     placed in the first 4GB address space. The Java Heap base address is the
#     maximum limit for the native heap growth. Please use -XX:HeapBaseMinAddress
#     to set the Java Heap base and to place the Java Heap above 4GB virtual address.
# This output file may be truncated or incomplete.
#
#  Out of Memory Error (arena.cpp:168), pid=45552, tid=40236
#
# JRE version: OpenJDK Runtime Environment Temurin-21.0.11+10 (21.0.11+10) (build 21.0.11+10-LTS)
# Java VM: OpenJDK 64-Bit Server VM Temurin-21.0.11+10 (21.0.11+10-LTS, mixed mode, sharing, tiered, compressed oops, compressed class ptrs, parallel gc, windows-amd64)
# No core dump will be written. Minidumps are not enabled by default on client versions of Windows
#

---------------  S U M M A R Y ------------

Command Line: --add-modules=ALL-SYSTEM --add-opens=java.base/java.util=ALL-UNNAMED --add-opens=java.base/java.lang=ALL-UNNAMED --add-opens=java.base/sun.nio.fs=ALL-UNNAMED -Declipse.application=org.eclipse.jdt.ls.core.id1 -Dosgi.bundles.defaultStartLevel=4 -Declipse.product=org.eclipse.jdt.ls.core.product -Djava.import.generatesMetadataFilesAtProjectRoot=false -DDetectVMInstallationsJob.disabled=true -Dfile.encoding=utf8 -XX:+UseParallelGC -XX:GCTimeRatio=4 -XX:AdaptiveSizePolicyWeight=90 -Dsun.zip.disableMemoryMapping=true -Xmx2G -Xms100m -Xlog:disable -javaagent:c:\Users\shubh\.vscode\extensions\redhat.java-1.55.0-win32-x64\lombok\lombok-1.18.39-4050.jar -XX:+HeapDumpOnOutOfMemoryError -XX:HeapDumpPath=c:\Users\shubh\AppData\Roaming\Code\User\workspaceStorage\d49e3a660599c4b71ec9e1a2dad917a8\redhat.java -Daether.dependencyCollector.impl=bf c:\Users\shubh\.vscode\extensions\redhat.java-1.55.0-win32-x64\server\plugins\org.eclipse.equinox.launcher_1.7.200.v20260619-2039.jar -configuration c:\Users\shubh\AppData\Roaming\Code\User\globalStorage\redhat.java\1.55.0\config_win -data c:\Users\shubh\AppData\Roaming\Code\User\workspaceStorage\d49e3a660599c4b71ec9e1a2dad917a8\redhat.java\jdt_ws --pipe=\\.\pipe\lsp-fb620af3e1eff2078d616101faba95a6-sock

Host: AMD Ryzen 3 7320U with Radeon Graphics         , 8 cores, 7G,  Windows 11 , 64 bit Build 26100 (10.0.26100.8737)
Time: Sun Jul 12 18:22:01 2026 India Standard Time elapsed time: 69.960316 seconds (0d 0h 1m 9s)

---------------  T H R E A D  ---------------

Current thread (0x00000161177357f0):  JavaThread "C2 CompilerThread0" daemon [_thread_in_native, id=40236, stack(0x000000361db00000,0x000000361dc00000) (1024K)]


Current CompileTask:
C2:69995 3810       4       org.eclipse.osgi.container.ModuleDatabase$Persistence::writeMap (308 bytes)

Stack: [0x000000361db00000,0x000000361dc00000]
Native frames: (J=compiled Java code, j=interpreted, Vv=VM code, C=native code)
V  [jvm.dll+0x6d7e19]
V  [jvm.dll+0x8b5096]
V  [jvm.dll+0x8b764e]
V  [jvm.dll+0x8b7d33]
V  [jvm.dll+0x284596]
V  [jvm.dll+0xc685d]
V  [jvm.dll+0xc6da1]
V  [jvm.dll+0x3bed6b]
V  [jvm.dll+0x38b2b2]
V  [jvm.dll+0x38a6fa]
V  [jvm.dll+0x24c700]
V  [jvm.dll+0x24bce0]
V  [jvm.dll+0x1cb4ae]
V  [jvm.dll+0x25baad]
V  [jvm.dll+0x25a03a]
V  [jvm.dll+0x3f868e]
V  [jvm.dll+0x85fb0d]
V  [jvm.dll+0x6d664d]
C  [ucrtbase.dll+0x2cd30]
C  [KERNEL32.DLL+0x2e957]
C  [ntdll.dll+0xaad6c]


---------------  P R O C E S S  ---------------

Threads class SMR info:
_java_thread_list=0x000001615a718f70, length=21, elements={
0x000001617e869ee0, 0x000001617f87c7a0, 0x0000016117714af0, 0x0000016117717300,
0x0000016117717f60, 0x000001611771bce0, 0x0000016117727030, 0x00000161177357f0,
0x0000016117736c80, 0x000001615a34b750, 0x000001615a43c540, 0x000001615ab61310,
0x000001615a7f91b0, 0x000001615a17de80, 0x000001615aae08c0, 0x000001615a704d00,
0x000001615ac97180, 0x000001615a90e380, 0x000001615a3e6950, 0x000001615a3e5c30,
0x000001615a3e6fe0
}

Java Threads: ( => current thread )
  0x000001617e869ee0 JavaThread "main"                              [_thread_blocked, id=20120, stack(0x000000361d100000,0x000000361d200000) (1024K)]
  0x000001617f87c7a0 JavaThread "Reference Handler"          daemon [_thread_blocked, id=45608, stack(0x000000361d500000,0x000000361d600000) (1024K)]
  0x0000016117714af0 JavaThread "Finalizer"                  daemon [_thread_blocked, id=43652, stack(0x000000361d600000,0x000000361d700000) (1024K)]
  0x0000016117717300 JavaThread "Signal Dispatcher"          daemon [_thread_blocked, id=6524, stack(0x000000361d700000,0x000000361d800000) (1024K)]
  0x0000016117717f60 JavaThread "Attach Listener"            daemon [_thread_blocked, id=18052, stack(0x000000361d800000,0x000000361d900000) (1024K)]
  0x000001611771bce0 JavaThread "Service Thread"             daemon [_thread_blocked, id=28844, stack(0x000000361d900000,0x000000361da00000) (1024K)]
  0x0000016117727030 JavaThread "Monitor Deflation Thread"   daemon [_thread_blocked, id=44340, stack(0x000000361da00000,0x000000361db00000) (1024K)]
=>0x00000161177357f0 JavaThread "C2 CompilerThread0"         daemon [_thread_in_native, id=40236, stack(0x000000361db00000,0x000000361dc00000) (1024K)]
  0x0000016117736c80 JavaThread "C1 CompilerThread0"         daemon [_thread_in_vm, id=29796, stack(0x000000361dc00000,0x000000361dd00000) (1024K)]
  0x000001615a34b750 JavaThread "Common-Cleaner"             daemon [_thread_blocked, id=39952, stack(0x000000361dd00000,0x000000361de00000) (1024K)]
  0x000001615a43c540 JavaThread "Notification Thread"        daemon [_thread_blocked, id=8392, stack(0x000000361de00000,0x000000361df00000) (1024K)]
  0x000001615ab61310 JavaThread "Active Thread: Equinox Container: 3c6fc408-1429-43f7-9f68-cc50f139ab7f"        [_thread_blocked, id=4124, stack(0x000000361e500000,0x000000361e600000) (1024K)]
  0x000001615a7f91b0 JavaThread "Refresh Thread: Equinox Container: 3c6fc408-1429-43f7-9f68-cc50f139ab7f" daemon [_thread_blocked, id=22996, stack(0x000000361e700000,0x000000361e800000) (1024K)]
  0x000001615a17de80 JavaThread "Framework Event Dispatcher: Equinox Container: 3c6fc408-1429-43f7-9f68-cc50f139ab7f" daemon [_thread_blocked, id=27428, stack(0x000000361e800000,0x000000361e900000) (1024K)]
  0x000001615aae08c0 JavaThread "Start Level: Equinox Container: 3c6fc408-1429-43f7-9f68-cc50f139ab7f" daemon [_thread_in_vm, id=36636, stack(0x000000361e900000,0x000000361ea00000) (1024K)]
  0x000001615a704d00 JavaThread "Bundle File Closer"         daemon [_thread_blocked, id=17844, stack(0x000000361ea00000,0x000000361eb00000) (1024K)]
  0x000001615ac97180 JavaThread "SCR Component Actor"        daemon [_thread_blocked, id=38212, stack(0x000000361eb00000,0x000000361ec00000) (1024K)]
  0x000001615a90e380 JavaThread "Worker-JM"                         [_thread_blocked, id=9848, stack(0x000000361cf00000,0x000000361d000000) (1024K)]
  0x000001615a3e6950 JavaThread "JNA Cleaner"                daemon [_thread_blocked, id=6844, stack(0x000000361ec00000,0x000000361ed00000) (1024K)]
  0x000001615a3e5c30 JavaThread "Worker-0: Checking project encoding"        [_thread_blocked, id=44304, stack(0x000000361ed00000,0x000000361ee00000) (1024K)]
  0x000001615a3e6fe0 JavaThread "Worker-1"                          [_thread_blocked, id=43176, stack(0x000000361d000000,0x000000361d100000) (1024K)]
Total: 21

Other Threads:
  0x0000016117712660 VMThread "VM Thread"                           [id=40640, stack(0x000000361d400000,0x000000361d500000) (1024K)]
  0x000001611762ba00 WatcherThread "VM Periodic Task Thread"        [id=24100, stack(0x000000361d300000,0x000000361d400000) (1024K)]
  0x000001617f7dd480 WorkerThread "GC Thread#0"                     [id=44356, stack(0x000000361d200000,0x000000361d300000) (1024K)]
  0x000001615a57a260 WorkerThread "GC Thread#1"                     [id=35244, stack(0x000000361df00000,0x000000361e000000) (1024K)]
  0x000001615a5757b0 WorkerThread "GC Thread#2"                     [id=26024, stack(0x000000361e000000,0x000000361e100000) (1024K)]
  0x000001615a8491c0 WorkerThread "GC Thread#3"                     [id=34616, stack(0x000000361e100000,0x000000361e200000) (1024K)]
  0x000001615a849570 WorkerThread "GC Thread#4"                     [id=26804, stack(0x000000361e200000,0x000000361e300000) (1024K)]
  0x000001615a849920 WorkerThread "GC Thread#5"                     [id=28956, stack(0x000000361e300000,0x000000361e400000) (1024K)]
  0x000001615a5a5e70 WorkerThread "GC Thread#6"                     [id=28528, stack(0x000000361e400000,0x000000361e500000) (1024K)]
  0x000001615abddac0 WorkerThread "GC Thread#7"                     [id=20464, stack(0x000000361e600000,0x000000361e700000) (1024K)]
Total: 10

Threads with active compile tasks:
C2 CompilerThread0  70298 3810       4       org.eclipse.osgi.container.ModuleDatabase$Persistence::writeMap (308 bytes)
C1 CompilerThread0  70298 3828       3       org.eclipse.osgi.storage.bundlefile.NestedDirBundleFile::getEntry (23 bytes)
Total: 2

VM state: not at safepoint (normal execution)

VM Mutex/Monitor currently owned by a thread:  ([mutex/lock_event])
[0x00007ffe0f08d4f0] Metaspace_lock - owner thread: 0x0000016117736c80

Heap address: 0x0000000080000000, size: 2048 MB, Compressed Oops mode: 32-bit

CDS archive(s) mapped at: [0x0000016118000000-0x0000016118ba0000-0x0000016118ba0000), size 12189696, SharedBaseAddress: 0x0000016118000000, ArchiveRelocationMode: 1.
Compressed class space mapped at: 0x0000016119000000-0x0000016159000000, reserved size: 1073741824
Narrow klass base: 0x0000016118000000, Narrow klass shift: 0, Narrow klass range: 0x100000000

GC Precious Log:
 CardTable entry size: 512
 CPUs: 8 total, 8 available
 Memory: 7418M
 Large Page Support: Disabled
 NUMA Support: Disabled
 Compressed Oops: Enabled (32-bit)
 Alignments: Space 512K, Generation 512K, Heap 2M
 Heap Min Capacity: 100M
 Heap Initial Capacity: 100M
 Heap Max Capacity: 2G
 Pre-touch: Disabled
 Parallel Workers: 8

Heap:
 PSYoungGen      total 30720K, used 22214K [0x00000000d5580000, 0x00000000d7a00000, 0x0000000100000000)
  eden space 24576K, 66% used [0x00000000d5580000,0x00000000d658d190,0x00000000d6d80000)
  from space 6144K, 94% used [0x00000000d7400000,0x00000000d79a4848,0x00000000d7a00000)
  to   space 6144K, 0% used [0x00000000d6e00000,0x00000000d6e00000,0x00000000d7400000)
 ParOldGen       total 68608K, used 8739K [0x0000000080000000, 0x0000000084300000, 0x00000000d5580000)
  object space 68608K, 12% used [0x0000000080000000,0x0000000080888db8,0x0000000084300000)
 Metaspace       used 19690K, committed 20544K, reserved 1114112K
  class space    used 2060K, committed 2432K, reserved 1048576K

Card table byte_map: [0x000001617f160000,0x000001617f570000] _byte_map_base: 0x000001617ed60000

Marking Bits: (ParMarkBitMap*) 0x00007ffe0f094460
 Begin Bits: [0x0000016113550000, 0x0000016115550000)
 End Bits:   [0x0000016115550000, 0x0000016117550000)

Polling page: 0x000001617eba0000

Metaspace:

Usage:
  Non-class:     17.22 MB used.
      Class:      2.01 MB used.
       Both:     19.23 MB used.

Virtual space:
  Non-class space:       64.00 MB reserved,      17.69 MB ( 28%) committed,  1 nodes.
      Class space:        1.00 GB reserved,       2.38 MB ( <1%) committed,  1 nodes.
             Both:        1.06 GB reserved,      20.06 MB (  2%) committed. 

Chunk freelists:
   Non-Class:  13.67 MB
       Class:  13.50 MB
        Both:  27.17 MB

MaxMetaspaceSize: unlimited
CompressedClassSpaceSize: 1.00 GB
Initial GC threshold: 21.00 MB
Current GC threshold: 21.00 MB
CDS: on
 - commit_granule_bytes: 65536.
 - commit_granule_words: 8192.
 - virtual_space_node_default_size: 8388608.
 - enlarge_chunks_in_place: 1.
 - use_allocation_guard: 0.


Internal statistics:

num_allocs_failed_limit: 0.
num_arena_births: 596.
num_arena_deaths: 0.
num_vsnodes_births: 2.
num_vsnodes_deaths: 0.
num_space_committed: 321.
num_space_uncommitted: 0.
num_chunks_returned_to_freelist: 0.
num_chunks_taken_from_freelist: 1383.
num_chunk_merges: 0.
num_chunk_splits: 870.
num_chunks_enlarged: 536.
num_inconsistent_stats: 0.

CodeHeap 'non-profiled nmethods': size=120000Kb used=1677Kb max_used=1677Kb free=118322Kb
 bounds [0x000001610c020000, 0x000001610c290000, 0x0000016113550000]
CodeHeap 'profiled nmethods': size=120000Kb used=8001Kb max_used=8001Kb free=111999Kb
 bounds [0x0000016104550000, 0x0000016104d30000, 0x000001610ba80000]
CodeHeap 'non-nmethods': size=5760Kb used=1280Kb max_used=1318Kb free=4480Kb
 bounds [0x000001610ba80000, 0x000001610bcf0000, 0x000001610c020000]
CodeCache: size=245760Kb, used=10958Kb, max_used=10996Kb, free=234801Kb
 total_blobs=4376, nmethods=3819, adapters=463, full_count=0
Compilation: enabled, stopped_count=0, restarted_count=0

Compilation events (20 events):
Event: 68.339 Thread 0x0000016117736c80 3814       3       java.util.EventObject::<init> (24 bytes)
Event: 68.339 Thread 0x0000016117736c80 nmethod 3814 0x0000016104d0d310 code [0x0000016104d0d4c0, 0x0000016104d0d740]
Event: 68.340 Thread 0x0000016117736c80 3815       3       org.eclipse.core.internal.preferences.EclipsePreferences::internalNode (153 bytes)
Event: 68.344 Thread 0x0000016117736c80 nmethod 3815 0x0000016104d0d890 code [0x0000016104d0dca0, 0x0000016104d0fd20]
Event: 68.344 Thread 0x0000016117736c80 3816       3       org.eclipse.core.internal.preferences.EclipsePreferences::node (8 bytes)
Event: 68.344 Thread 0x0000016117736c80 nmethod 3816 0x0000016104d10890 code [0x0000016104d10a40, 0x0000016104d10c18]
Event: 68.351 Thread 0x0000016117736c80 3818       3       java.lang.reflect.ReflectAccess::getRoot (5 bytes)
Event: 68.352 Thread 0x0000016117736c80 nmethod 3818 0x0000016104d10d10 code [0x0000016104d10ec0, 0x0000016104d11098]
Event: 68.352 Thread 0x0000016117736c80 3819       3       jdk.internal.reflect.MethodHandleAccessorFactory::ensureClassInitialized (18 bytes)
Event: 68.353 Thread 0x0000016117736c80 nmethod 3819 0x0000016104d11190 code [0x0000016104d113a0, 0x0000016104d11808]
Event: 68.353 Thread 0x0000016117736c80 3820       3       jdk.internal.reflect.MagicAccessorImpl::<init> (5 bytes)
Event: 68.354 Thread 0x0000016117736c80 nmethod 3820 0x0000016104d11990 code [0x0000016104d11b40, 0x0000016104d11ca8]
Event: 68.365 Thread 0x0000016117736c80 3821       3       org.eclipse.osgi.container.ModuleWiring::getPersistentWires (99 bytes)
Event: 68.367 Thread 0x0000016117736c80 nmethod 3821 0x0000016104d11d90 code [0x0000016104d12000, 0x0000016104d12bc8]
Event: 68.373 Thread 0x0000016117736c80 3822       3       org.eclipse.osgi.container.ModuleDatabase$Persistence::writeWiring (453 bytes)
Event: 68.386 Thread 0x0000016117736c80 nmethod 3822 0x0000016104d12f90 code [0x0000016104d13a60, 0x0000016104d1aaf8]
Event: 68.386 Thread 0x0000016117736c80 3823       3       org.eclipse.osgi.container.ModuleWiring::getPersistentRequirements (93 bytes)
Event: 68.388 Thread 0x0000016117736c80 nmethod 3823 0x0000016104d1cb90 code [0x0000016104d1ce00, 0x0000016104d1d990]
Event: 68.388 Thread 0x0000016117736c80 3824       3       org.eclipse.osgi.container.ModuleWiring::getPersistentProvidedWires (9 bytes)
Event: 68.389 Thread 0x0000016117736c80 nmethod 3824 0x0000016104d1dd10 code [0x0000016104d1dec0, 0x0000016104d1e000]

GC Heap History (12 events):
Event: 1.404 GC heap before
{Heap before GC invocations=1 (full 0):
 PSYoungGen      total 29696K, used 25600K [0x00000000d5580000, 0x00000000d7680000, 0x0000000100000000)
  eden space 25600K, 100% used [0x00000000d5580000,0x00000000d6e80000,0x00000000d6e80000)
  from space 4096K, 0% used [0x00000000d7280000,0x00000000d7280000,0x00000000d7680000)
  to   space 4096K, 0% used [0x00000000d6e80000,0x00000000d6e80000,0x00000000d7280000)
 ParOldGen       total 68608K, used 0K [0x0000000080000000, 0x0000000084300000, 0x00000000d5580000)
  object space 68608K, 0% used [0x0000000080000000,0x0000000080000000,0x0000000084300000)
 Metaspace       used 4382K, committed 4608K, reserved 1114112K
  class space    used 475K, committed 576K, reserved 1048576K
}
Event: 1.412 GC heap after
{Heap after GC invocations=1 (full 0):
 PSYoungGen      total 29696K, used 3335K [0x00000000d5580000, 0x00000000d7680000, 0x0000000100000000)
  eden space 25600K, 0% used [0x00000000d5580000,0x00000000d5580000,0x00000000d6e80000)
  from space 4096K, 81% used [0x00000000d6e80000,0x00000000d71c1e98,0x00000000d7280000)
  to   space 4096K, 0% used [0x00000000d7280000,0x00000000d7280000,0x00000000d7680000)
 ParOldGen       total 68608K, used 16K [0x0000000080000000, 0x0000000084300000, 0x00000000d5580000)
  object space 68608K, 0% used [0x0000000080000000,0x0000000080004000,0x0000000084300000)
 Metaspace       used 4382K, committed 4608K, reserved 1114112K
  class space    used 475K, committed 576K, reserved 1048576K
}
Event: 7.007 GC heap before
{Heap before GC invocations=2 (full 0):
 PSYoungGen      total 29696K, used 28935K [0x00000000d5580000, 0x00000000d7680000, 0x0000000100000000)
  eden space 25600K, 100% used [0x00000000d5580000,0x00000000d6e80000,0x00000000d6e80000)
  from space 4096K, 81% used [0x00000000d6e80000,0x00000000d71c1e98,0x00000000d7280000)
  to   space 4096K, 0% used [0x00000000d7280000,0x00000000d7280000,0x00000000d7680000)
 ParOldGen       total 68608K, used 16K [0x0000000080000000, 0x0000000084300000, 0x00000000d5580000)
  object space 68608K, 0% used [0x0000000080000000,0x0000000080004000,0x0000000084300000)
 Metaspace       used 8022K, committed 8256K, reserved 1114112K
  class space    used 832K, committed 960K, reserved 1048576K
}
Event: 7.015 GC heap after
{Heap after GC invocations=2 (full 0):
 PSYoungGen      total 29696K, used 4077K [0x00000000d5580000, 0x00000000d7680000, 0x0000000100000000)
  eden space 25600K, 0% used [0x00000000d5580000,0x00000000d5580000,0x00000000d6e80000)
  from space 4096K, 99% used [0x00000000d7280000,0x00000000d767b560,0x00000000d7680000)
  to   space 4096K, 0% used [0x00000000d6e80000,0x00000000d6e80000,0x00000000d7280000)
 ParOldGen       total 68608K, used 1985K [0x0000000080000000, 0x0000000084300000, 0x00000000d5580000)
  object space 68608K, 2% used [0x0000000080000000,0x00000000801f05d0,0x0000000084300000)
 Metaspace       used 8022K, committed 8256K, reserved 1114112K
  class space    used 832K, committed 960K, reserved 1048576K
}
Event: 15.961 GC heap before
{Heap before GC invocations=3 (full 0):
 PSYoungGen      total 29696K, used 29677K [0x00000000d5580000, 0x00000000d7680000, 0x0000000100000000)
  eden space 25600K, 100% used [0x00000000d5580000,0x00000000d6e80000,0x00000000d6e80000)
  from space 4096K, 99% used [0x00000000d7280000,0x00000000d767b560,0x00000000d7680000)
  to   space 4096K, 0% used [0x00000000d6e80000,0x00000000d6e80000,0x00000000d7280000)
 ParOldGen       total 68608K, used 1985K [0x0000000080000000, 0x0000000084300000, 0x00000000d5580000)
  object space 68608K, 2% used [0x0000000080000000,0x00000000801f05d0,0x0000000084300000)
 Metaspace       used 9477K, committed 9856K, reserved 1114112K
  class space    used 1011K, committed 1152K, reserved 1048576K
}
Event: 15.969 GC heap after
{Heap after GC invocations=3 (full 0):
 PSYoungGen      total 29696K, used 4071K [0x00000000d5580000, 0x00000000d7680000, 0x0000000100000000)
  eden space 25600K, 0% used [0x00000000d5580000,0x00000000d5580000,0x00000000d6e80000)
  from space 4096K, 99% used [0x00000000d6e80000,0x00000000d7279d10,0x00000000d7280000)
  to   space 4096K, 0% used [0x00000000d7280000,0x00000000d7280000,0x00000000d7680000)
 ParOldGen       total 68608K, used 4947K [0x0000000080000000, 0x0000000084300000, 0x00000000d5580000)
  object space 68608K, 7% used [0x0000000080000000,0x00000000804d4cd0,0x0000000084300000)
 Metaspace       used 9477K, committed 9856K, reserved 1114112K
  class space    used 1011K, committed 1152K, reserved 1048576K
}
Event: 28.629 GC heap before
{Heap before GC invocations=4 (full 0):
 PSYoungGen      total 29696K, used 29671K [0x00000000d5580000, 0x00000000d7680000, 0x0000000100000000)
  eden space 25600K, 100% used [0x00000000d5580000,0x00000000d6e80000,0x00000000d6e80000)
  from space 4096K, 99% used [0x00000000d6e80000,0x00000000d7279d10,0x00000000d7280000)
  to   space 4096K, 0% used [0x00000000d7280000,0x00000000d7280000,0x00000000d7680000)
 ParOldGen       total 68608K, used 4947K [0x0000000080000000, 0x0000000084300000, 0x00000000d5580000)
  object space 68608K, 7% used [0x0000000080000000,0x00000000804d4cd0,0x0000000084300000)
 Metaspace       used 11669K, committed 12032K, reserved 1114112K
  class space    used 1229K, committed 1408K, reserved 1048576K
}
Event: 28.635 GC heap after
{Heap after GC invocations=4 (full 0):
 PSYoungGen      total 29696K, used 4092K [0x00000000d5580000, 0x00000000d7680000, 0x0000000100000000)
  eden space 25600K, 0% used [0x00000000d5580000,0x00000000d5580000,0x00000000d6e80000)
  from space 4096K, 99% used [0x00000000d7280000,0x00000000d767f398,0x00000000d7680000)
  to   space 4096K, 0% used [0x00000000d6e80000,0x00000000d6e80000,0x00000000d7280000)
 ParOldGen       total 68608K, used 6791K [0x0000000080000000, 0x0000000084300000, 0x00000000d5580000)
  object space 68608K, 9% used [0x0000000080000000,0x00000000806a1d48,0x0000000084300000)
 Metaspace       used 11669K, committed 12032K, reserved 1114112K
  class space    used 1229K, committed 1408K, reserved 1048576K
}
Event: 33.678 GC heap before
{Heap before GC invocations=5 (full 0):
 PSYoungGen      total 29696K, used 29692K [0x00000000d5580000, 0x00000000d7680000, 0x0000000100000000)
  eden space 25600K, 100% used [0x00000000d5580000,0x00000000d6e80000,0x00000000d6e80000)
  from space 4096K, 99% used [0x00000000d7280000,0x00000000d767f398,0x00000000d7680000)
  to   space 4096K, 0% used [0x00000000d6e80000,0x00000000d6e80000,0x00000000d7280000)
 ParOldGen       total 68608K, used 6791K [0x0000000080000000, 0x0000000084300000, 0x00000000d5580000)
  object space 68608K, 9% used [0x0000000080000000,0x00000000806a1d48,0x0000000084300000)
 Metaspace       used 15262K, committed 15808K, reserved 1114112K
  class space    used 1571K, committed 1792K, reserved 1048576K
}
Event: 33.685 GC heap after
{Heap after GC invocations=5 (full 0):
 PSYoungGen      total 29184K, used 4089K [0x00000000d5580000, 0x00000000d7a00000, 0x0000000100000000)
  eden space 25088K, 0% used [0x00000000d5580000,0x00000000d5580000,0x00000000d6e00000)
  from space 4096K, 99% used [0x00000000d6e80000,0x00000000d727e5b8,0x00000000d7280000)
  to   space 6144K, 0% used [0x00000000d7400000,0x00000000d7400000,0x00000000d7a00000)
 ParOldGen       total 68608K, used 8731K [0x0000000080000000, 0x0000000084300000, 0x00000000d5580000)
  object space 68608K, 12% used [0x0000000080000000,0x0000000080886db8,0x0000000084300000)
 Metaspace       used 15262K, committed 15808K, reserved 1114112K
  class space    used 1571K, committed 1792K, reserved 1048576K
}
Event: 64.282 GC heap before
{Heap before GC invocations=6 (full 0):
 PSYoungGen      total 29184K, used 29177K [0x00000000d5580000, 0x00000000d7a00000, 0x0000000100000000)
  eden space 25088K, 100% used [0x00000000d5580000,0x00000000d6e00000,0x00000000d6e00000)
  from space 4096K, 99% used [0x00000000d6e80000,0x00000000d727e5b8,0x00000000d7280000)
  to   space 6144K, 0% used [0x00000000d7400000,0x00000000d7400000,0x00000000d7a00000)
 ParOldGen       total 68608K, used 8731K [0x0000000080000000, 0x0000000084300000, 0x00000000d5580000)
  object space 68608K, 12% used [0x0000000080000000,0x0000000080886db8,0x0000000084300000)
 Metaspace       used 18712K, committed 19520K, reserved 1114112K
  class space    used 1954K, committed 2304K, reserved 1048576K
}
Event: 64.297 GC heap after
{Heap after GC invocations=6 (full 0):
 PSYoungGen      total 30720K, used 5778K [0x00000000d5580000, 0x00000000d7a00000, 0x0000000100000000)
  eden space 24576K, 0% used [0x00000000d5580000,0x00000000d5580000,0x00000000d6d80000)
  from space 6144K, 94% used [0x00000000d7400000,0x00000000d79a4848,0x00000000d7a00000)
  to   space 6144K, 0% used [0x00000000d6e00000,0x00000000d6e00000,0x00000000d7400000)
 ParOldGen       total 68608K, used 8739K [0x0000000080000000, 0x0000000084300000, 0x00000000d5580000)
  object space 68608K, 12% used [0x0000000080000000,0x0000000080888db8,0x0000000084300000)
 Metaspace       used 18712K, committed 19520K, reserved 1114112K
  class space    used 1954K, committed 2304K, reserved 1048576K
}

Dll operation events (10 events):
Event: 0.024 Loaded shared library c:\Users\shubh\.vscode\extensions\redhat.java-1.55.0-win32-x64\jre\21.0.11-win32-x86_64\bin\java.dll
Event: 0.160 Loaded shared library c:\Users\shubh\.vscode\extensions\redhat.java-1.55.0-win32-x64\jre\21.0.11-win32-x86_64\bin\zip.dll
Event: 0.201 Loaded shared library C:\Users\shubh\.vscode\extensions\redhat.java-1.55.0-win32-x64\jre\21.0.11-win32-x86_64\bin\instrument.dll
Event: 0.212 Loaded shared library C:\Users\shubh\.vscode\extensions\redhat.java-1.55.0-win32-x64\jre\21.0.11-win32-x86_64\bin\net.dll
Event: 0.215 Loaded shared library C:\Users\shubh\.vscode\extensions\redhat.java-1.55.0-win32-x64\jre\21.0.11-win32-x86_64\bin\nio.dll
Event: 0.222 Loaded shared library C:\Users\shubh\.vscode\extensions\redhat.java-1.55.0-win32-x64\jre\21.0.11-win32-x86_64\bin\zip.dll
Event: 0.258 Loaded shared library C:\Users\shubh\.vscode\extensions\redhat.java-1.55.0-win32-x64\jre\21.0.11-win32-x86_64\bin\jimage.dll
Event: 0.428 Loaded shared library c:\Users\shubh\.vscode\extensions\redhat.java-1.55.0-win32-x64\jre\21.0.11-win32-x86_64\bin\verify.dll
Event: 11.680 Loaded shared library C:\Users\shubh\AppData\Roaming\Code\User\globalStorage\redhat.java\1.55.0\config_win\org.eclipse.equinox.launcher\org.eclipse.equinox.launcher.win32.win32.x86_64_1.3.100.v20260613-0559\eclipse_11924.dll
Event: 53.830 Loaded shared library C:\Users\shubh\AppData\Local\Temp\jna-109418758\jna14580319330595227032.dll

Deoptimization events (20 events):
Event: 67.752 Thread 0x000001615ab61310 DEOPT PACKING pc=0x0000016104cf53f8 sp=0x000000361e5fe900
Event: 67.752 Thread 0x000001615ab61310 DEOPT UNPACKING pc=0x000001610bad4242 sp=0x000000361e5fde58 mode 0
Event: 67.752 Thread 0x000001615ab61310 DEOPT PACKING pc=0x0000016104cf5156 sp=0x000000361e5fe900
Event: 67.752 Thread 0x000001615ab61310 DEOPT UNPACKING pc=0x000001610bad4242 sp=0x000000361e5fde58 mode 0
Event: 67.754 Thread 0x000001615ab61310 DEOPT PACKING pc=0x0000016104cf53f8 sp=0x000000361e5fe900
Event: 67.754 Thread 0x000001615ab61310 DEOPT UNPACKING pc=0x000001610bad4242 sp=0x000000361e5fde58 mode 0
Event: 67.754 Thread 0x000001615ab61310 DEOPT PACKING pc=0x0000016104cf5156 sp=0x000000361e5fe900
Event: 67.754 Thread 0x000001615ab61310 DEOPT UNPACKING pc=0x000001610bad4242 sp=0x000000361e5fde58 mode 0
Event: 67.755 Thread 0x000001615ab61310 DEOPT PACKING pc=0x0000016104cf53f8 sp=0x000000361e5fe900
Event: 67.755 Thread 0x000001615ab61310 DEOPT UNPACKING pc=0x000001610bad4242 sp=0x000000361e5fde58 mode 0
Event: 67.755 Thread 0x000001615ab61310 DEOPT PACKING pc=0x0000016104cf53f8 sp=0x000000361e5fe900
Event: 67.755 Thread 0x000001615ab61310 DEOPT UNPACKING pc=0x000001610bad4242 sp=0x000000361e5fde58 mode 0
Event: 67.964 Thread 0x000001615ab61310 Uncommon trap: trap_request=0xffffffc6 fr.pc=0x000001610c1154cc relative=0x0000000000000a4c
Event: 67.964 Thread 0x000001615ab61310 Uncommon trap: reason=bimorphic_or_optimized_type_check action=maybe_recompile pc=0x000001610c1154cc method=java.util.HashMap.putVal(ILjava/lang/Object;Ljava/lang/Object;ZZ)Ljava/lang/Object; @ 91 c2
Event: 67.965 Thread 0x000001615ab61310 DEOPT PACKING pc=0x000001610c1154cc sp=0x000000361e5fea00
Event: 67.965 Thread 0x000001615ab61310 DEOPT UNPACKING pc=0x000001610bad3aa2 sp=0x000000361e5fe910 mode 2
Event: 67.973 Thread 0x000001615ab61310 Uncommon trap: trap_request=0xffffffc6 fr.pc=0x000001610c113f48 relative=0x00000000000009c8
Event: 67.973 Thread 0x000001615ab61310 Uncommon trap: reason=bimorphic_or_optimized_type_check action=maybe_recompile pc=0x000001610c113f48 method=java.util.HashMap.putVal(ILjava/lang/Object;Ljava/lang/Object;ZZ)Ljava/lang/Object; @ 91 c2
Event: 67.973 Thread 0x000001615ab61310 DEOPT PACKING pc=0x000001610c113f48 sp=0x000000361e5fe950
Event: 67.973 Thread 0x000001615ab61310 DEOPT UNPACKING pc=0x000001610bad3aa2 sp=0x000000361e5fe900 mode 2

Classes loaded (20 events):
Event: 59.584 Loading class java/lang/ThreadDeath
Event: 59.585 Loading class java/lang/ThreadDeath done
Event: 59.651 Loading class java/util/stream/SortedOps$SizedRefSortingSink
Event: 59.651 Loading class java/util/stream/SortedOps$SizedRefSortingSink done
Event: 60.814 Loading class java/util/concurrent/atomic/Striped64$1
Event: 60.815 Loading class java/util/concurrent/atomic/Striped64$1 done
Event: 62.922 Loading class java/util/BitSet
Event: 62.923 Loading class java/util/BitSet done
Event: 62.932 Loading class sun/net/www/protocol/jrt/JavaRuntimeURLConnection
Event: 62.934 Loading class sun/net/www/protocol/jrt/JavaRuntimeURLConnection done
Event: 62.935 Loading class sun/net/www/protocol/jrt/JavaRuntimeURLConnection$1
Event: 62.935 Loading class sun/net/www/protocol/jrt/JavaRuntimeURLConnection$1 done
Event: 64.126 Loading class java/util/function/UnaryOperator
Event: 64.127 Loading class java/util/function/UnaryOperator done
Event: 64.130 Loading class java/util/ServiceConfigurationError
Event: 64.131 Loading class java/util/ServiceConfigurationError done
Event: 64.154 Loading class java/lang/InheritableThreadLocal
Event: 64.154 Loading class java/lang/InheritableThreadLocal done
Event: 67.664 Loading class java/lang/StackTraceElement$HashedModules
Event: 67.665 Loading class java/lang/StackTraceElement$HashedModules done

Classes unloaded (0 events):
No events

Classes redefined (0 events):
No events

Internal exceptions (20 events):
Event: 53.913 Thread 0x000001615aae08c0 Exception <a 'java/lang/NoSuchMethodError'{0x00000000d6040490}: 'void java.lang.invoke.DirectMethodHandle$Holder.invokeSpecial(java.lang.Object, java.lang.Object, java.lang.Object, int)'> (0x00000000d6040490) 
thrown [s\src\hotspot\share\interpreter\linkResolver.cpp, line 773]
Event: 53.914 Thread 0x000001615aae08c0 Exception <a 'java/lang/NoSuchMethodError'{0x00000000d6043e20}: 'void java.lang.invoke.DelegatingMethodHandle$Holder.reinvoke_L(java.lang.Object, java.lang.Object, int)'> (0x00000000d6043e20) 
thrown [s\src\hotspot\share\interpreter\linkResolver.cpp, line 773]
Event: 53.915 Thread 0x000001615aae08c0 Exception <a 'java/lang/NoSuchMethodError'{0x00000000d604ab08}: 'int java.lang.invoke.Invokers$Holder.invokeExact_MT(java.lang.Object, java.lang.Object, java.lang.Object)'> (0x00000000d604ab08) 
thrown [s\src\hotspot\share\interpreter\linkResolver.cpp, line 773]
Event: 53.943 Thread 0x000001615aae08c0 Exception <a 'java/lang/NoSuchMethodError'{0x00000000d6125670}: method resolution failed> (0x00000000d6125670) 
thrown [s\src\hotspot\share\prims\methodHandles.cpp, line 1136]
Event: 53.960 Thread 0x000001615aae08c0 Exception <a 'java/lang/NoSuchMethodError'{0x00000000d617de50}: 'void java.lang.invoke.Invokers$Holder.invokeExact_MT(java.lang.Object, java.lang.Object, int, java.lang.Object)'> (0x00000000d617de50) 
thrown [s\src\hotspot\share\interpreter\linkResolver.cpp, line 773]
Event: 59.568 Thread 0x000001615aae08c0 Exception <a 'java/lang/NoSuchMethodError'{0x00000000d62b3040}: 'java.lang.Object java.lang.invoke.DirectMethodHandle$Holder.invokeSpecial(java.lang.Object, java.lang.Object, java.lang.Object, long, java.lang.Object)'> (0x00000000d62b3040) 
thrown [s\src\hotspot\share\interpreter\linkResolver.cpp, line 773]
Event: 59.570 Thread 0x000001615aae08c0 Exception <a 'java/lang/NoSuchMethodError'{0x00000000d62ba748}: 'java.lang.Object java.lang.invoke.DirectMethodHandle$Holder.newInvokeSpecial(java.lang.Object, java.lang.Object, java.lang.Object, long)'> (0x00000000d62ba748) 
thrown [s\src\hotspot\share\interpreter\linkResolver.cpp, line 773]
Event: 59.572 Thread 0x000001615aae08c0 Exception <a 'java/lang/NoSuchMethodError'{0x00000000d62bea58}: 'java.lang.Object java.lang.invoke.DirectMethodHandle$Holder.invokeSpecial(java.lang.Object, java.lang.Object, java.lang.Object, java.lang.Object, long)'> (0x00000000d62bea58) 
thrown [s\src\hotspot\share\interpreter\linkResolver.cpp, line 773]
Event: 59.573 Thread 0x000001615aae08c0 Exception <a 'java/lang/NoSuchMethodError'{0x00000000d62c28a8}: 'java.lang.Object java.lang.invoke.Invokers$Holder.linkToTargetMethod(java.lang.Object, java.lang.Object, long, java.lang.Object)'> (0x00000000d62c28a8) 
thrown [s\src\hotspot\share\interpreter\linkResolver.cpp, line 773]
Event: 59.639 Thread 0x000001615aae08c0 Exception <a 'java/lang/NoSuchMethodError'{0x00000000d6321138}: 'int java.lang.invoke.DirectMethodHandle$Holder.invokeStaticInit(java.lang.Object, java.lang.Object, java.lang.Object)'> (0x00000000d6321138) 
thrown [s\src\hotspot\share\interpreter\linkResolver.cpp, line 773]
Event: 60.735 Thread 0x000001615aae08c0 Exception <a 'java/lang/IncompatibleClassChangeError'{0x00000000d63e5ac8}: Found class java.lang.Object, but interface was expected> (0x00000000d63e5ac8) 
thrown [s\src\hotspot\share\interpreter\linkResolver.cpp, line 840]
Event: 60.755 Thread 0x000001615aae08c0 Exception <a 'java/lang/NoSuchMethodError'{0x00000000d6400a30}: 'java.lang.Object java.lang.invoke.DirectMethodHandle$Holder.invokeSpecial(java.lang.Object, java.lang.Object, java.lang.Object, int, java.lang.Object, java.lang.Object)'> (0x00000000d6400a30) 
thrown [s\src\hotspot\share\interpreter\linkResolver.cpp, line 773]
Event: 60.757 Thread 0x000001615aae08c0 Exception <a 'java/lang/NoSuchMethodError'{0x00000000d6408628}: 'java.lang.Object java.lang.invoke.DirectMethodHandle$Holder.newInvokeSpecial(java.lang.Object, java.lang.Object, java.lang.Object, int, java.lang.Object)'> (0x00000000d6408628) 
thrown [s\src\hotspot\share\interpreter\linkResolver.cpp, line 773]
Event: 60.759 Thread 0x000001615aae08c0 Exception <a 'java/lang/NoSuchMethodError'{0x00000000d640c528}: 'java.lang.Object java.lang.invoke.DirectMethodHandle$Holder.invokeSpecial(java.lang.Object, java.lang.Object, java.lang.Object, java.lang.Object, int, java.lang.Object)'> (0x00000000d640c528) 
thrown [s\src\hotspot\share\interpreter\linkResolver.cpp, line 773]
Event: 60.760 Thread 0x000001615aae08c0 Exception <a 'java/lang/NoSuchMethodError'{0x00000000d6410058}: 'java.lang.Object java.lang.invoke.Invokers$Holder.linkToTargetMethod(java.lang.Object, java.lang.Object, int, java.lang.Object, java.lang.Object)'> (0x00000000d6410058) 
thrown [s\src\hotspot\share\interpreter\linkResolver.cpp, line 773]
Event: 60.763 Thread 0x000001615a3e5c30 Exception <a 'java/lang/NoSuchMethodError'{0x00000000d6323200}: 'java.lang.Object java.lang.invoke.DirectMethodHandle$Holder.invokeSpecial(java.lang.Object, java.lang.Object, int, java.lang.Object, java.lang.Object)'> (0x00000000d6323200) 
thrown [s\src\hotspot\share\interpreter\linkResolver.cpp, line 773]
Event: 60.820 Thread 0x000001615aae08c0 Exception <a 'java/lang/NoSuchMethodError'{0x00000000d6513ba8}: 'void java.lang.invoke.DirectMethodHandle$Holder.invokeSpecial(java.lang.Object, java.lang.Object, java.lang.Object, java.lang.Object, java.lang.Object)'> (0x00000000d6513ba8) 
thrown [s\src\hotspot\share\interpreter\linkResolver.cpp, line 773]
Event: 64.237 Thread 0x000001615aae08c0 Exception <a 'java/lang/NoSuchMethodError'{0x00000000d6cca3c8}: 'java.lang.Object java.lang.invoke.DirectMethodHandle$Holder.invokeInterface(java.lang.Object, java.lang.Object, java.lang.Object)'> (0x00000000d6cca3c8) 
thrown [s\src\hotspot\share\interpreter\linkResolver.cpp, line 773]
Event: 64.384 Thread 0x000001615aae08c0 Exception <a 'java/lang/NoSuchMethodError'{0x00000000d59a91f8}: 'java.lang.Object java.lang.invoke.Invokers$Holder.linkToTargetMethod(java.lang.Object, long, java.lang.Object, java.lang.Object)'> (0x00000000d59a91f8) 
thrown [s\src\hotspot\share\interpreter\linkResolver.cpp, line 773]
Event: 67.667 Thread 0x000001615ab61310 Implicit null exception at 0x000001610c16747c to 0x000001610c168304

ZGC Phase Switch (0 events):
No events

VM Operations (20 events):
Event: 62.150 Executing safepoint VM operation: Cleanup
Event: 62.150 Executing safepoint VM operation: Cleanup done
Event: 62.936 Executing non-safepoint VM operation: HandshakeAllThreads (Deoptimize)
Event: 62.936 Executing non-safepoint VM operation: HandshakeAllThreads (Deoptimize) done
Event: 63.933 Executing safepoint VM operation: Cleanup
Event: 63.966 Executing safepoint VM operation: Cleanup done
Event: 64.163 Executing non-safepoint VM operation: HandshakeAllThreads (Deoptimize)
Event: 64.163 Executing non-safepoint VM operation: HandshakeAllThreads (Deoptimize) done
Event: 64.175 Executing non-safepoint VM operation: HandshakeAllThreads (Deoptimize)
Event: 64.175 Executing non-safepoint VM operation: HandshakeAllThreads (Deoptimize) done
Event: 64.229 Executing non-safepoint VM operation: HandshakeAllThreads (Deoptimize)
Event: 64.229 Executing non-safepoint VM operation: HandshakeAllThreads (Deoptimize) done
Event: 64.281 Executing safepoint VM operation: ParallelGCFailedAllocation (Allocation Failure)
Event: 64.297 Executing safepoint VM operation: ParallelGCFailedAllocation (Allocation Failure) done
Event: 65.298 Executing safepoint VM operation: Cleanup
Event: 65.620 Executing safepoint VM operation: Cleanup done
Event: 66.626 Executing safepoint VM operation: Cleanup
Event: 67.660 Executing safepoint VM operation: Cleanup done
Event: 68.669 Executing safepoint VM operation: Cleanup
Event: 68.669 Executing safepoint VM operation: Cleanup done

Memory protections (0 events):
No events

Nmethod flushes (0 events):
No events

Events (20 events):
Event: 0.089 Thread 0x000001617e869ee0 Thread added: 0x000001617f87c7a0
Event: 0.090 Thread 0x000001617e869ee0 Thread added: 0x0000016117714af0
Event: 0.090 Thread 0x000001617e869ee0 Thread added: 0x0000016117717300
Event: 0.090 Thread 0x000001617e869ee0 Thread added: 0x0000016117717f60
Event: 0.090 Thread 0x000001617e869ee0 Thread added: 0x000001611771bce0
Event: 0.090 Thread 0x000001617e869ee0 Thread added: 0x0000016117727030
Event: 0.090 Thread 0x000001617e869ee0 Thread added: 0x00000161177357f0
Event: 0.091 Thread 0x000001617e869ee0 Thread added: 0x0000016117736c80
Event: 0.204 Thread 0x000001617e869ee0 Thread added: 0x000001615a34b750
Event: 0.628 Thread 0x000001617e869ee0 Thread added: 0x000001615a43c540
Event: 2.361 Thread 0x000001617e869ee0 Thread added: 0x000001615ab61310
Event: 11.554 Thread 0x000001617e869ee0 Thread added: 0x000001615a7f91b0
Event: 11.638 Thread 0x000001615a7f91b0 Thread added: 0x000001615a17de80
Event: 11.685 Thread 0x000001617e869ee0 Thread added: 0x000001615aae08c0
Event: 16.538 Thread 0x000001615aae08c0 Thread added: 0x000001615a704d00
Event: 27.728 Thread 0x000001615aae08c0 Thread added: 0x000001615ac97180
Event: 30.610 Thread 0x000001615aae08c0 Thread added: 0x000001615a90e380
Event: 53.930 Thread 0x000001615aae08c0 Thread added: 0x000001615a3e6950
Event: 59.591 Thread 0x000001615aae08c0 Thread added: 0x000001615a3e5c30
Event: 60.765 Thread 0x000001615aae08c0 Thread added: 0x000001615a3e6fe0


Dynamic libraries:
0x00007ff73ccd0000 - 0x00007ff73ccde000 	c:\Users\shubh\.vscode\extensions\redhat.java-1.55.0-win32-x64\jre\21.0.11-win32-x86_64\bin\java.exe
0x00007ffe2af40000 - 0x00007ffe2b1a6000 	C:\WINDOWS\SYSTEM32\ntdll.dll
0x00007ffe2acf0000 - 0x00007ffe2adb9000 	C:\WINDOWS\System32\KERNEL32.DLL
0x00007ffe28160000 - 0x00007ffe28560000 	C:\WINDOWS\System32\KERNELBASE.dll
0x00007ffe286c0000 - 0x00007ffe2880c000 	C:\WINDOWS\System32\ucrtbase.dll
0x00007ffe1d220000 - 0x00007ffe1d238000 	c:\Users\shubh\.vscode\extensions\redhat.java-1.55.0-win32-x64\jre\21.0.11-win32-x86_64\bin\jli.dll
0x00007ffe1c420000 - 0x00007ffe1c43e000 	c:\Users\shubh\.vscode\extensions\redhat.java-1.55.0-win32-x64\jre\21.0.11-win32-x86_64\bin\VCRUNTIME140.dll
0x00007ffe29870000 - 0x00007ffe29a37000 	C:\WINDOWS\System32\USER32.dll
0x00007ffe28a60000 - 0x00007ffe28a87000 	C:\WINDOWS\System32\win32u.dll
0x00007ffe0dae0000 - 0x00007ffe0dd72000 	C:\WINDOWS\WinSxS\amd64_microsoft.windows.common-controls_6595b64144ccf1df_6.0.26100.8737_none_3e092eaee333b772\COMCTL32.dll
0x00007ffe2aea0000 - 0x00007ffe2aecb000 	C:\WINDOWS\System32\GDI32.dll
0x00007ffe2a570000 - 0x00007ffe2a619000 	C:\WINDOWS\System32\msvcrt.dll
0x00007ffe28a90000 - 0x00007ffe28bb9000 	C:\WINDOWS\System32\gdi32full.dll
0x00007ffe28bc0000 - 0x00007ffe28c63000 	C:\WINDOWS\System32\msvcp_win.dll
0x00007ffe2ab20000 - 0x00007ffe2ab52000 	C:\WINDOWS\System32\IMM32.DLL
0x00007ffe22d90000 - 0x00007ffe22d9c000 	c:\Users\shubh\.vscode\extensions\redhat.java-1.55.0-win32-x64\jre\21.0.11-win32-x86_64\bin\vcruntime140_1.dll
0x00007ffe0f180000 - 0x00007ffe0f20d000 	c:\Users\shubh\.vscode\extensions\redhat.java-1.55.0-win32-x64\jre\21.0.11-win32-x86_64\bin\msvcp140.dll
0x00007ffe0e3d0000 - 0x00007ffe0f172000 	c:\Users\shubh\.vscode\extensions\redhat.java-1.55.0-win32-x64\jre\21.0.11-win32-x86_64\bin\server\jvm.dll
0x00007ffe29f30000 - 0x00007ffe29fe7000 	C:\WINDOWS\System32\ADVAPI32.dll
0x00007ffe28c70000 - 0x00007ffe28d1a000 	C:\WINDOWS\System32\sechost.dll
0x00007ffe29650000 - 0x00007ffe29768000 	C:\WINDOWS\System32\RPCRT4.dll
0x00007ffe294c0000 - 0x00007ffe29540000 	C:\WINDOWS\System32\WS2_32.dll
0x00007ffe27fc0000 - 0x00007ffe2801e000 	C:\WINDOWS\SYSTEM32\POWRPROF.dll
0x00007ffe1e220000 - 0x00007ffe1e256000 	C:\WINDOWS\SYSTEM32\WINMM.dll
0x00007ffe19c40000 - 0x00007ffe19c4b000 	C:\WINDOWS\SYSTEM32\VERSION.dll
0x00007ffe27fa0000 - 0x00007ffe27fb4000 	C:\WINDOWS\SYSTEM32\UMPDC.dll
0x00007ffe26e40000 - 0x00007ffe26e5b000 	C:\WINDOWS\SYSTEM32\kernel.appcore.dll
0x00007ffe1d2e0000 - 0x00007ffe1d2ea000 	c:\Users\shubh\.vscode\extensions\redhat.java-1.55.0-win32-x64\jre\21.0.11-win32-x86_64\bin\jimage.dll
0x00007ffe1a670000 - 0x00007ffe1a8b2000 	C:\WINDOWS\SYSTEM32\DBGHELP.DLL
0x00007ffe2a6a0000 - 0x00007ffe2aa23000 	C:\WINDOWS\System32\combase.dll
0x00007ffe2a000000 - 0x00007ffe2a0d9000 	C:\WINDOWS\System32\OLEAUT32.dll
0x00007ffe08a50000 - 0x00007ffe08a8b000 	C:\WINDOWS\SYSTEM32\dbgcore.DLL
0x00007ffe28600000 - 0x00007ffe286ac000 	C:\WINDOWS\System32\bcryptPrimitives.dll
0x00007ffe1c410000 - 0x00007ffe1c41f000 	c:\Users\shubh\.vscode\extensions\redhat.java-1.55.0-win32-x64\jre\21.0.11-win32-x86_64\bin\instrument.dll
0x00007ffe0e3b0000 - 0x00007ffe0e3d0000 	c:\Users\shubh\.vscode\extensions\redhat.java-1.55.0-win32-x64\jre\21.0.11-win32-x86_64\bin\java.dll
0x00007ffe28d20000 - 0x00007ffe294b2000 	C:\WINDOWS\System32\SHELL32.dll
0x00007ffe25c00000 - 0x00007ffe26492000 	C:\WINDOWS\SYSTEM32\windows.storage.dll
0x00007ffe29550000 - 0x00007ffe29647000 	C:\WINDOWS\System32\SHCORE.dll
0x00007ffe2a630000 - 0x00007ffe2a697000 	C:\WINDOWS\System32\shlwapi.dll
0x00007ffe28080000 - 0x00007ffe280a9000 	C:\WINDOWS\SYSTEM32\profapi.dll
0x00007ffe0e390000 - 0x00007ffe0e3a8000 	c:\Users\shubh\.vscode\extensions\redhat.java-1.55.0-win32-x64\jre\21.0.11-win32-x86_64\bin\zip.dll
0x00007ffe0e380000 - 0x00007ffe0e390000 	C:\Users\shubh\.vscode\extensions\redhat.java-1.55.0-win32-x64\jre\21.0.11-win32-x86_64\bin\net.dll
0x00007ffe1db60000 - 0x00007ffe1dc89000 	C:\WINDOWS\SYSTEM32\WINHTTP.dll
0x00007ffe273f0000 - 0x00007ffe2745c000 	C:\WINDOWS\system32\mswsock.dll
0x00007ffe0e360000 - 0x00007ffe0e376000 	C:\Users\shubh\.vscode\extensions\redhat.java-1.55.0-win32-x64\jre\21.0.11-win32-x86_64\bin\nio.dll
0x00007ffe0e350000 - 0x00007ffe0e360000 	c:\Users\shubh\.vscode\extensions\redhat.java-1.55.0-win32-x64\jre\21.0.11-win32-x86_64\bin\verify.dll
0x00007ffe0de80000 - 0x00007ffe0dec5000 	C:\Users\shubh\AppData\Roaming\Code\User\globalStorage\redhat.java\1.55.0\config_win\org.eclipse.equinox.launcher\org.eclipse.equinox.launcher.win32.win32.x86_64_1.3.100.v20260613-0559\eclipse_11924.dll
0x00007ffe29d90000 - 0x00007ffe29f29000 	C:\WINDOWS\System32\ole32.dll
0x00007ffe276f0000 - 0x00007ffe2770b000 	C:\WINDOWS\SYSTEM32\CRYPTSP.dll
0x00007ffe26da0000 - 0x00007ffe26dd9000 	C:\WINDOWS\system32\rsaenh.dll
0x00007ffe274b0000 - 0x00007ffe274e2000 	C:\WINDOWS\SYSTEM32\USERENV.dll
0x00007ffe28050000 - 0x00007ffe2807a000 	C:\WINDOWS\SYSTEM32\bcrypt.dll
0x00007ffe27710000 - 0x00007ffe2771c000 	C:\WINDOWS\SYSTEM32\CRYPTBASE.dll
0x00007ffe267f0000 - 0x00007ffe26823000 	C:\WINDOWS\SYSTEM32\IPHLPAPI.DLL
0x00007ffe29ff0000 - 0x00007ffe29ffa000 	C:\WINDOWS\System32\NSI.dll
0x00007ffe0b290000 - 0x00007ffe0b2d9000 	C:\Users\shubh\AppData\Local\Temp\jna-109418758\jna14580319330595227032.dll
0x00007ffe2a620000 - 0x00007ffe2a628000 	C:\WINDOWS\System32\PSAPI.DLL

JVMTI agents:
c:\Users\shubh\.vscode\extensions\redhat.java-1.55.0-win32-x64\lombok\lombok-1.18.39-4050.jar path:c:\Users\shubh\.vscode\extensions\redhat.java-1.55.0-win32-x64\jre\21.0.11-win32-x86_64\bin\instrument.dll, loaded, initialized, instrumentlib options:none

dbghelp: loaded successfully - version: 4.0.5 - missing functions: none
symbol engine: initialized successfully - sym options: 0x614 - pdb path: .;c:\Users\shubh\.vscode\extensions\redhat.java-1.55.0-win32-x64\jre\21.0.11-win32-x86_64\bin;C:\WINDOWS\SYSTEM32;C:\WINDOWS\WinSxS\amd64_microsoft.windows.common-controls_6595b64144ccf1df_6.0.26100.8737_none_3e092eaee333b772;c:\Users\shubh\.vscode\extensions\redhat.java-1.55.0-win32-x64\jre\21.0.11-win32-x86_64\bin\server;C:\Users\shubh\AppData\Roaming\Code\User\globalStorage\redhat.java\1.55.0\config_win\org.eclipse.equinox.launcher\org.eclipse.equinox.launcher.win32.win32.x86_64_1.3.100.v20260613-0559;C:\Users\shubh\AppData\Local\Temp\jna-109418758

VM Arguments:
jvm_args: --add-modules=ALL-SYSTEM --add-opens=java.base/java.util=ALL-UNNAMED --add-opens=java.base/java.lang=ALL-UNNAMED --add-opens=java.base/sun.nio.fs=ALL-UNNAMED -Declipse.application=org.eclipse.jdt.ls.core.id1 -Dosgi.bundles.defaultStartLevel=4 -Declipse.product=org.eclipse.jdt.ls.core.product -Djava.import.generatesMetadataFilesAtProjectRoot=false -DDetectVMInstallationsJob.disabled=true -Dfile.encoding=utf8 -XX:+UseParallelGC -XX:GCTimeRatio=4 -XX:AdaptiveSizePolicyWeight=90 -Dsun.zip.disableMemoryMapping=true -Xmx2G -Xms100m -Xlog:disable -javaagent:c:\Users\shubh\.vscode\extensions\redhat.java-1.55.0-win32-x64\lombok\lombok-1.18.39-4050.jar -XX:+HeapDumpOnOutOfMemoryError -XX:HeapDumpPath=c:\Users\shubh\AppData\Roaming\Code\User\workspaceStorage\d49e3a660599c4b71ec9e1a2dad917a8\redhat.java -Daether.dependencyCollector.impl=bf 
java_command: c:\Users\shubh\.vscode\extensions\redhat.java-1.55.0-win32-x64\server\plugins\org.eclipse.equinox.launcher_1.7.200.v20260619-2039.jar -configuration c:\Users\shubh\AppData\Roaming\Code\User\globalStorage\redhat.java\1.55.0\config_win -data c:\Users\shubh\AppData\Roaming\Code\User\workspaceStorage\d49e3a660599c4b71ec9e1a2dad917a8\redhat.java\jdt_ws --pipe=\\.\pipe\lsp-fb620af3e1eff2078d616101faba95a6-sock
java_class_path (initial): c:\Users\shubh\.vscode\extensions\redhat.java-1.55.0-win32-x64\server\plugins\org.eclipse.equinox.launcher_1.7.200.v20260619-2039.jar
Launcher Type: SUN_STANDARD

[Global flags]
    uintx AdaptiveSizePolicyWeight                 = 90                                        {product} {command line}
     intx CICompilerCount                          = 4                                         {product} {ergonomic}
    uintx GCTimeRatio                              = 4                                         {product} {command line}
     bool HeapDumpOnOutOfMemoryError               = true                                   {manageable} {command line}
    ccstr HeapDumpPath                             = c:\Users\shubh\AppData\Roaming\Code\User\workspaceStorage\d49e3a660599c4b71ec9e1a2dad917a8\redhat.java         {manageable} {command line}
   size_t InitialHeapSize                          = 104857600                                 {product} {command line}
   size_t MaxHeapSize                              = 2147483648                                {product} {command line}
   size_t MaxNewSize                               = 715653120                                 {product} {ergonomic}
   size_t MinHeapDeltaBytes                        = 524288                                    {product} {ergonomic}
   size_t MinHeapSize                              = 104857600                                 {product} {command line}
   size_t NewSize                                  = 34603008                                  {product} {ergonomic}
    uintx NonNMethodCodeHeapSize                   = 5839372                                {pd product} {ergonomic}
    uintx NonProfiledCodeHeapSize                  = 122909434                              {pd product} {ergonomic}
   size_t OldSize                                  = 70254592                                  {product} {ergonomic}
    uintx ProfiledCodeHeapSize                     = 122909434                              {pd product} {ergonomic}
    uintx ReservedCodeCacheSize                    = 251658240                              {pd product} {ergonomic}
     bool SegmentedCodeCache                       = true                                      {product} {ergonomic}
   size_t SoftMaxHeapSize                          = 2147483648                             {manageable} {ergonomic}
     bool UseCompressedOops                        = true                           {product lp64_product} {ergonomic}
     bool UseLargePagesIndividualAllocation        = false                                  {pd product} {ergonomic}
     bool UseParallelGC                            = true                                      {product} {command line}

Logging:
Log output configuration:
 #0: stdout all=off uptime,level,tags foldmultilines=false
 #1: stderr all=off uptime,level,tags foldmultilines=false

Release file:
JAVA_VERSION="21.0.11" 
MODULES="java.base java.compiler java.datatransfer java.xml java.prefs java.desktop java.instrument java.logging java.management java.security.sasl java.naming java.rmi java.management.rmi java.net.http java.scripting java.security.jgss java.transaction.xa java.sql java.sql.rowset java.xml.crypto java.se java.smartcardio jdk.accessibility jdk.internal.jvmstat jdk.attach jdk.charsets jdk.internal.opt jdk.zipfs jdk.compiler jdk.crypto.ec jdk.crypto.cryptoki jdk.crypto.mscapi jdk.dynalink jdk.internal.ed jdk.editpad jdk.hotspot.agent jdk.httpserver jdk.internal.le jdk.internal.vm.ci jdk.internal.vm.compiler jdk.internal.vm.compiler.management jdk.jartool jdk.javadoc jdk.jcmd jdk.management jdk.management.agent jdk.jconsole jdk.jdeps jdk.jdwp.agent jdk.jdi jdk.jfr jdk.jshell jdk.jsobject jdk.jstatd jdk.localedata jdk.management.jfr jdk.naming.dns jdk.naming.rmi jdk.net jdk.nio.mapmode jdk.random jdk.sctp jdk.security.auth jdk.security.jgss jdk.unsupported jdk.unsupported.desktop jdk.xml.dom" 

Environment Variables:
PATH=C:\Program Files\Java\jdk-21.0.11\bin;C:\Program Files\Common Files\Oracle\Java\javapath;C:\WINDOWS\system32;C:\WINDOWS;C:\WINDOWS\System32\Wbem;C:\WINDOWS\System32\WindowsPowerShell\v1.0\;C:\WINDOWS\System32\OpenSSH\;C:\MinGW\bin;C:\Program Files\Git\cmd;C:\Program Files\Git\mingw64\bin;C:\Program Files\Git\usr\bin;C:\Program Files\nodejs\;;C:\Program Files\Docker\Docker\resources\bin;C:\Users\shubh\AppData\Local\Microsoft\WindowsApps;C:\Users\shubh\AppData\Local\Programs\Microsoft VS Code\bin;C:\Users\shubh\AppData\Local\GitHubDesktop\bin;C:\Users\shubh\AppData\Roaming\npm;C:\Users\shubh\AppData\Local\Programs\Antigravity IDE\bin
USERNAME=shubh
OS=Windows_NT
PROCESSOR_IDENTIFIER=AMD64 Family 23 Model 160 Stepping 0, AuthenticAMD
TMP=C:\Users\shubh\AppData\Local\Temp
TEMP=C:\Users\shubh\AppData\Local\Temp




Periodic native trim disabled

---------------  S Y S T E M  ---------------

OS:
 Windows 11 , 64 bit Build 26100 (10.0.26100.8737)
OS uptime: 0 days 0:15 hours
Hyper-V role detected

CPU: total 8 (initial active 8) (8 cores per cpu, 2 threads per core) family 23 model 160 stepping 0 microcode 0x8a0000b, cx8, cmov, fxsr, ht, mmx, 3dnowpref, sse, sse2, sse3, ssse3, sse4a, sse4.1, sse4.2, popcnt, lzcnt, tsc, tscinvbit, avx, avx2, aes, clmul, bmi1, bmi2, adx, sha, fma, vzeroupper, clflush, clflushopt, hv, rdtscp, rdpid, f16c
Processor Information for the first 8 processors :
  Max Mhz: 2401, Current Mhz: 2401, Mhz Limit: 2401

Memory: 4k page, system-wide physical 7418M (276M free)
TotalPageFile size 29946M (AvailPageFile size 0M)
current process WorkingSet (physical memory assigned to process): 119M, peak: 119M
current process commit charge ("private bytes"): 274M, peak: 278M

vm_info: OpenJDK 64-Bit Server VM (21.0.11+10-LTS) for windows-amd64 JRE (21.0.11+10-LTS), built on 2026-04-21T00:00:00Z by "admin" with MS VC++ 17.12 (VS2022)

END.
